-------------------------------------------------------------------------------
Test set: com.cloud.pass.PassRestApiApplicationTests
-------------------------------------------------------------------------------
Tests run: 1, Failures: 0, Errors: 1, Skipped: 0, Time elapsed: 0.104 s <<< FAILURE! - in com.cloud.pass.PassRestApiApplicationTests
com.cloud.pass.PassRestApiApplicationTests  Time elapsed: 0.104 s  <<< ERROR!
java.lang.IllegalStateException: Unable to find a @SpringBootConfiguration, you need to use @ContextConfiguration or @SpringBootTest(classes=...) with your test

